<?xml version="1.0" encoding="utf-8"?>
<test-run id="2" name="System.Private.CoreLib.dll" fullname="/usr/local/share/dotnet/shared/Microsoft.NETCore.App/7.0.15/System.Private.CoreLib.dll" testcasecount="1" result="Passed" start-time="2024-06-16T15:29:14.0506990Z" end-time="2024-06-16T15:29:14.0954580Z" duration="0.044739" total="1" passed="1" failed="0" inconclusive="0" skipped="0" warnings="0" asserts="1000" random-seed="1031538612">
  <command-line><![CDATA[]]></command-line>
  <filter />
  <test-suite type="Assembly" id="1002" name="System.Private.CoreLib.dll" fullname="/usr/local/share/dotnet/shared/Microsoft.NETCore.App/7.0.15/System.Private.CoreLib.dll" runstate="Runnable" testcasecount="1" result="Passed" start-time="2024-06-16T15:29:14.0506990Z" end-time="2024-06-16T15:29:14.0954580Z" duration="0.044739" total="1" passed="1" failed="0" warnings="0" inconclusive="0" skipped="0" asserts="1000">
    <environment framework-version="3.13.3.0" clr-version="7.0.15" os-version="Darwin 23.0.0 Darwin Kernel Version 23.0.0: Fri Sep 15 14:41:34 PDT 2023; root:xnu-10002.1.13~1/RELEASE_ARM64_T8103" platform="Unix" cwd="/Users/anastasiastefanescu/Spells/MagicEvolution" machine-name="Anastasias-MacBook-Air" user="anastasiastefanescu" user-domain="Anastasias-MacBook-Air" culture="en-RO" uiculture="en-RO" os-architecture="x64" />
    <settings>
      <setting name="WorkDirectory" value="/Users/anastasiastefanescu/Spells/MagicEvolution" />
      <setting name="NumberOfTestWorkers" value="8" />
    </settings>
    <properties>
      <property name="_PID" value="44057" />
      <property name="_APPDOMAIN" value="DefaultDomain" />
    </properties>
    <test-suite type="TestSuite" id="1003" name="MagicEvolution" fullname="MagicEvolution" runstate="Runnable" testcasecount="1" result="Passed" start-time="2024-06-16T15:29:14.0530030Z" end-time="2024-06-16T15:29:14.0954400Z" duration="0.042438" total="1" passed="1" failed="0" warnings="0" inconclusive="0" skipped="0" asserts="1000">
      <test-suite type="TestSuite" id="1004" name="Tests" fullname="MagicEvolution.Tests" runstate="Runnable" testcasecount="1" result="Passed" start-time="2024-06-16T15:29:14.0531440Z" end-time="2024-06-16T15:29:14.0954200Z" duration="0.042277" total="1" passed="1" failed="0" warnings="0" inconclusive="0" skipped="0" asserts="1000">
        <test-suite type="TestFixture" id="1000" name="PlayerTests" fullname="MagicEvolution.Tests.PlayerTests" classname="MagicEvolution.Tests.PlayerTests" runstate="Runnable" testcasecount="1" result="Passed" start-time="2024-06-16T15:29:14.0536450Z" end-time="2024-06-16T15:29:14.0952670Z" duration="0.041623" total="1" passed="1" failed="0" warnings="0" inconclusive="0" skipped="0" asserts="1000">
          <test-case id="1001" name="TestNNMutation" fullname="MagicEvolution.Tests.PlayerTests.TestNNMutation" methodname="TestNNMutation" classname="MagicEvolution.Tests.PlayerTests" runstate="Runnable" seed="117948995" result="Passed" start-time="2024-06-16T15:29:14.0545200Z" end-time="2024-06-16T15:29:14.0938130Z" duration="0.039338" asserts="1000" />
        </test-suite>
      </test-suite>
    </test-suite>
  </test-suite>
</test-run>